==============================================================================
Suites                                                                        
==============================================================================
Suites.TC3 productOrder                                                       
==============================================================================
Sorting the products and getting the values                           $49.99
$29.99
$15.99
$15.99
$9.99
$7.99
© 2022 Sauce Labs. All Rights Reserved. Terms of Service | Privacy Policy
| PASS |
------------------------------------------------------------------------------
Suites.TC3 productOrder                                               | PASS |
1 test, 1 passed, 0 failed
==============================================================================
Suites                                                                | PASS |
1 test, 1 passed, 0 failed
==============================================================================
Output:  C:\Users\AnkitKumar\PycharmProjects\SauceDemoRobotFramework\Results2\pabot_results\2\output.xml
