==============================================================================
Suites                                                                        
==============================================================================
Suites.TC2 AddProductPage                                                     
==============================================================================
Add Product to Cart                                                   6
6
  
  Traceback (most recent call last):
    ~~~~~~~~~~~~~~~~~~~~~~~~~~~~~~~~~~~~~~~~~~~~~~~~~~~~~~~~~~~~~~~~~~~~~~~~~~
    File  C:\Users\AnkitKumar\PycharmProjects\SauceDemoRobotFramework\TestCases\TC2_AddProductPage.robot:12
    T:  Add Product to Cart    
    ~~~~~~~~~~~~~~~~~~~~~~~~~~~~~~~~~~~~~~~~~~~~~~~~~~~~~~~~~~~~~~~~~~~~~~~~~~
    File  C:\Users\AnkitKumar\PycharmProjects\SauceDemoRobotFramework\TestCases\TC2_AddProductPage.robot:17
      Add Delivery Details    
    ~~~~~~~~~~~~~~~~~~~~~~~~~~~~~~~~~~~~~~~~~~~~~~~~~~~~~~~~~~~~~~~~~~~~~~~~~~
    File  C:\Users\AnkitKumar\PycharmProjects\SauceDemoRobotFramework\Resources\AddProductPage.robot:36
      Page Should Contain    ${assert_txt}
      |  ${assert_txt} = THANK YOU FOR YOUR ORDER! (str)
______________________________________________________________________________
| FAIL |
Page should have contained text 'THANK YOU FOR YOUR ORDER!' but did not.
------------------------------------------------------------------------------
Suites.TC2 AddProductPage                                             | FAIL |
1 test, 0 passed, 1 failed
==============================================================================
Suites                                                                | FAIL |
1 test, 0 passed, 1 failed
==============================================================================
Output:  C:\Users\AnkitKumar\PycharmProjects\SauceDemoRobotFramework\Results2\pabot_results\1\output.xml
